<?xml version="1.0" encoding="utf-8"?><testsuites name="pytest tests"><testsuite name="pytest" errors="0" failures="0" skipped="0" tests="41" time="2.703" timestamp="2025-09-04T22:05:25.546115+00:00" hostname="runner-8de310f4d-project-9878-concurrent-4"><testcase classname="tests.test_calculate_advancements" name="test_constant_delay" time="0.003" /><testcase classname="tests.test_calculate_advancements" name="test_variable_linear_delay" time="0.003" /><testcase classname="tests.test_lisa_tdi_combination" name="test_init" time="0.001" /><testcase classname="tests.test_lisa_tdi_combination" name="test_addition" time="0.001" /><testcase classname="tests.test_lisa_tdi_combination" name="test_rotatation" time="0.001" /><testcase classname="tests.test_lisa_tdi_combination" name="test_reflection" time="0.001" /><testcase classname="tests.test_tdi_combination" name="test_init" time="0.000" /><testcase classname="tests.test_tdi_combination" name="test_measurements" time="0.001" /><testcase classname="tests.test_tdi_combination" name="test_delays" time="0.000" /><testcase classname="tests.test_tdi_combination" name="test_advancements" time="0.001" /><testcase classname="tests.test_tdi_combination" name="test_transformed" time="0.001" /><testcase classname="tests.test_tdi_combination" name="test_simplify" time="0.001" /><testcase classname="tests.test_tdi_combination" name="test_add_tdi_combination" time="0.001" /><testcase classname="tests.test_tdi_combination" name="test_subtract" time="0.002" /><testcase classname="tests.test_tdi_combination" name="test_multiplication" time="0.001" /><testcase classname="tests.test_tdi_combination" name="test_neg" time="0.002" /><testcase classname="tests.test_tdi_combination" name="test_composition" time="0.001" /><testcase classname="tests.test_tdi_combination" name="test_build_with_constant_delays" time="0.012" /><testcase classname="tests.test_tdi_combination" name="test_build_with_variable_delays" time="0.011" /><testcase classname="tests.test_tdi_combination" name="test_build_with_variable_delays_and_advancements" time="0.014" /><testcase classname="tests.test_tdi_combination" name="test_build_with_linear_delays_constant_delay_derivatives" time="0.013" /><testcase classname="tests.test_tdi_combination" name="test_build_with_variable_delays_variable_delay_derivatives" time="0.013" /><testcase classname="tests.test_timeshift" name="test_constant_integer_timeshift" time="0.008" /><testcase classname="tests.test_timeshift" name="test_constant_fractional_timeshift_first_order" time="0.003" /><testcase classname="tests.test_timeshift" name="test_constant_fractional_timeshift" time="0.002" /><testcase classname="tests.test_timeshift" name="test_variable_integer_timeshift" time="0.007" /><testcase classname="tests.test_timeshift" name="test_variable_fractional_timeshift_first_order" time="0.001" /><testcase classname="tests.test_timeshift" name="test_variable_fractional_timeshift" time="0.003" /><testcase classname="tests.test_combination_from_string" name="test_empty" time="0.001" /><testcase classname="tests.test_combination_from_string" name="test_tdi_x1" time="0.008" /><testcase classname="tests.test_combination_from_string" name="test_tdi_x1_decomposed" time="0.008" /><testcase classname="tests.test_combination_from_string" name="test_tdi_x2" time="0.057" /><testcase classname="tests.test_combination_from_string" name="test_tdi_x2_decomposed" time="0.057" /><testcase classname="tests.test_clock_noise_correction" name="test_empty_combination_from_combination" time="0.004" /><testcase classname="tests.test_clock_noise_correction" name="test_empty_combination_from_string" time="0.006" /><testcase classname="tests.test_clock_noise_correction" name="test_michelson_combination_from_string" time="0.035" /><testcase classname="tests.test_clock_noise_correction" name="test_sagnac_combination_from_string" time="0.016" /><testcase classname="tests.test_interface" name="test_gw_file_1_1" time="0.079" /><testcase classname="tests.test_interface" name="test_gw_file_2_0" time="0.044" /><testcase classname="tests.test_interface" name="test_gw_file_2_3" time="0.047" /><testcase classname="tests.test_interface" name="test_lisanode_file_1_4" time="0.044" /></testsuite></testsuites>