<?xml version="1.0" encoding="utf-8"?><testsuites><testsuite name="pytest" errors="0" failures="0" skipped="3" tests="6" time="2.856" timestamp="2025-09-05T10:11:04.102669+02:00" hostname="OLI-OMEN"><testcase classname="bumpversion" name="FLAKE8" time="0.001"><skipped type="pytest.skip" message="file(s) previously passed FLAKE8 checks">/media/olivier/ssd1T/dev/kairntech/pyconverters_pyexcel/.tox/report/lib/python3.8/site-packages/pytest_flake8.py:124: file(s) previously passed FLAKE8 checks</skipped></testcase><testcase classname="src.pyconverters_pyexcel.__init__" name="FLAKE8" time="0.001"><skipped type="pytest.skip" message="file(s) previously passed FLAKE8 checks">/media/olivier/ssd1T/dev/kairntech/pyconverters_pyexcel/.tox/report/lib/python3.8/site-packages/pytest_flake8.py:124: file(s) previously passed FLAKE8 checks</skipped></testcase><testcase classname="src.pyconverters_pyexcel.pyexcel" name="FLAKE8" time="0.001"><skipped type="pytest.skip" message="file(s) previously passed FLAKE8 checks">/media/olivier/ssd1T/dev/kairntech/pyconverters_pyexcel/.tox/report/lib/python3.8/site-packages/pytest_flake8.py:124: file(s) previously passed FLAKE8 checks</skipped></testcase><testcase classname="tests.test_pyexcel" name="FLAKE8" time="0.063" /><testcase classname="tests.test_pyexcel" name="test_pyexcel" time="0.391" /><testcase classname="tests.test_pyexcel" name="test_pyexcel_dtv" time="0.569" /></testsuite></testsuites>